<?xml version="1.0" encoding="UTF-8"?>
<!-- Generated by org.testng.reporters.JUnitXMLReporter -->
<testsuite hostname="DESKTOP-33IJR0N" name="Test1" tests="5" failures="0" timestamp="8 Jun 2019 06:04:50 GMT" time="0.062" errors="0">
  <testcase name="Test12" time="0.015" classname="My_Project.Test_test1"/>
  <testcase name="Test13" time="0.003" classname="My_Project.Test_test1"/>
  <testcase name="Test6" time="0.004" classname="My_Project.Test_test1"/>
  <testcase name="Test8" time="0.003" classname="My_Project.Test_test1"/>
  <testcase name="Test3" time="0.002" classname="My_Project.Test_test"/>
</testsuite> <!-- Test1 -->
